Build output check failed:
    Regex: 'argument .* is not valid'
    Output line: 'cc1: warning: ‘-Werror=’ argument ‘-Werror=non-virtual-dtor’ is not valid for C'
Compilation failed:
    source file: '/home/ajander/OpencvInstallation/build/CMakeFiles/CMakeTmp/src.c'
    check option: ' -fsigned-char -W -Wall -Werror=return-type  -Werror=non-virtual-dtor'
===== BUILD LOG =====
Change Dir: /home/ajander/OpencvInstallation/build/CMakeFiles/CMakeTmp

Run Build Command:"/usr/bin/make" "cmTC_449a5/fast"
/usr/bin/make -f CMakeFiles/cmTC_449a5.dir/build.make CMakeFiles/cmTC_449a5.dir/build
make[1]: Entering directory '/home/ajander/OpencvInstallation/build/CMakeFiles/CMakeTmp'
Building C object CMakeFiles/cmTC_449a5.dir/src.c.o
/usr/bin/cc   -O3 -DNDEBUG -fPIE   -fsigned-char -W -Wall -Werror=return-type -Werror=non-virtual-dtor -o CMakeFiles/cmTC_449a5.dir/src.c.o   -c /home/ajander/OpencvInstallation/build/CMakeFiles/CMakeTmp/src.c
cc1: warning: ‘-Werror=’ argument ‘-Werror=non-virtual-dtor’ is not valid for C
/home/ajander/OpencvInstallation/build/CMakeFiles/CMakeTmp/src.c:1:0: warning: ignoring #pragma   [-Wunknown-pragmas]
 #pragma
 
Linking C executable cmTC_449a5
/usr/bin/cmake -E cmake_link_script CMakeFiles/cmTC_449a5.dir/link.txt --verbose=1
/usr/bin/cc   -O3 -DNDEBUG    CMakeFiles/cmTC_449a5.dir/src.c.o  -o cmTC_449a5 
make[1]: Leaving directory '/home/ajander/OpencvInstallation/build/CMakeFiles/CMakeTmp'

===== END =====

Build output check failed:
    Regex: 'command[- ]line option .* is valid for .* but not for C\+\+'
    Output line: 'cc1plus: warning: command line option ‘-Wmissing-prototypes’ is valid for C/ObjC but not for C++'
Compilation failed:
    source file: '/home/ajander/OpencvInstallation/build/CMakeFiles/CMakeTmp/src.cxx'
    check option: ' -fsigned-char -W -Wall -Werror=return-type -Werror=non-virtual-dtor -Werror=address -Werror=sequence-point -Wformat -Werror=format-security -Wmissing-declarations  -Wmissing-prototypes'
===== BUILD LOG =====
Change Dir: /home/ajander/OpencvInstallation/build/CMakeFiles/CMakeTmp

Run Build Command:"/usr/bin/make" "cmTC_376e8/fast"
/usr/bin/make -f CMakeFiles/cmTC_376e8.dir/build.make CMakeFiles/cmTC_376e8.dir/build
make[1]: Entering directory '/home/ajander/OpencvInstallation/build/CMakeFiles/CMakeTmp'
Building CXX object CMakeFiles/cmTC_376e8.dir/src.cxx.o
/usr/bin/c++    -O3 -DNDEBUG -fPIE   -fsigned-char -W -Wall -Werror=return-type -Werror=non-virtual-dtor -Werror=address -Werror=sequence-point -Wformat -Werror=format-security -Wmissing-declarations -Wmissing-prototypes -std=c++11 -o CMakeFiles/cmTC_376e8.dir/src.cxx.o -c /home/ajander/OpencvInstallation/build/CMakeFiles/CMakeTmp/src.cxx
cc1plus: warning: command line option ‘-Wmissing-prototypes’ is valid for C/ObjC but not for C++
/home/ajander/OpencvInstallation/build/CMakeFiles/CMakeTmp/src.cxx:1:0: warning: ignoring #pragma   [-Wunknown-pragmas]
 #pragma
 
Linking CXX executable cmTC_376e8
/usr/bin/cmake -E cmake_link_script CMakeFiles/cmTC_376e8.dir/link.txt --verbose=1
/usr/bin/c++    -O3 -DNDEBUG    CMakeFiles/cmTC_376e8.dir/src.cxx.o  -o cmTC_376e8 
make[1]: Leaving directory '/home/ajander/OpencvInstallation/build/CMakeFiles/CMakeTmp'

===== END =====

Build output check failed:
    Regex: 'command[- ]line option .* is valid for .* but not for C\+\+'
    Output line: 'cc1plus: warning: command line option ‘-Wstrict-prototypes’ is valid for C/ObjC but not for C++'
Compilation failed:
    source file: '/home/ajander/OpencvInstallation/build/CMakeFiles/CMakeTmp/src.cxx'
    check option: ' -fsigned-char -W -Wall -Werror=return-type -Werror=non-virtual-dtor -Werror=address -Werror=sequence-point -Wformat -Werror=format-security -Wmissing-declarations  -Wstrict-prototypes'
===== BUILD LOG =====
Change Dir: /home/ajander/OpencvInstallation/build/CMakeFiles/CMakeTmp

Run Build Command:"/usr/bin/make" "cmTC_42c8f/fast"
/usr/bin/make -f CMakeFiles/cmTC_42c8f.dir/build.make CMakeFiles/cmTC_42c8f.dir/build
make[1]: Entering directory '/home/ajander/OpencvInstallation/build/CMakeFiles/CMakeTmp'
Building CXX object CMakeFiles/cmTC_42c8f.dir/src.cxx.o
/usr/bin/c++    -O3 -DNDEBUG -fPIE   -fsigned-char -W -Wall -Werror=return-type -Werror=non-virtual-dtor -Werror=address -Werror=sequence-point -Wformat -Werror=format-security -Wmissing-declarations -Wstrict-prototypes -std=c++11 -o CMakeFiles/cmTC_42c8f.dir/src.cxx.o -c /home/ajander/OpencvInstallation/build/CMakeFiles/CMakeTmp/src.cxx
cc1plus: warning: command line option ‘-Wstrict-prototypes’ is valid for C/ObjC but not for C++
/home/ajander/OpencvInstallation/build/CMakeFiles/CMakeTmp/src.cxx:1:0: warning: ignoring #pragma   [-Wunknown-pragmas]
 #pragma
 
Linking CXX executable cmTC_42c8f
/usr/bin/cmake -E cmake_link_script CMakeFiles/cmTC_42c8f.dir/link.txt --verbose=1
/usr/bin/c++    -O3 -DNDEBUG    CMakeFiles/cmTC_42c8f.dir/src.cxx.o  -o cmTC_42c8f 
make[1]: Leaving directory '/home/ajander/OpencvInstallation/build/CMakeFiles/CMakeTmp'

===== END =====

Build output check failed:
    Regex: 'command[- ]line option .* is valid for .* but not for C'
    Output line: 'cc1: warning: command line option ‘-Wsign-promo’ is valid for C++/ObjC++ but not for C'
Compilation failed:
    source file: '/home/ajander/OpencvInstallation/build/CMakeFiles/CMakeTmp/src.c'
    check option: ' -fsigned-char -W -Wall -Werror=return-type -Werror=address -Werror=sequence-point -Wformat -Werror=format-security -Wmissing-declarations -Wmissing-prototypes -Wstrict-prototypes -Wundef -Winit-self -Wpointer-arith -Wshadow  -Wsign-promo'
===== BUILD LOG =====
Change Dir: /home/ajander/OpencvInstallation/build/CMakeFiles/CMakeTmp

Run Build Command:"/usr/bin/make" "cmTC_d6db1/fast"
/usr/bin/make -f CMakeFiles/cmTC_d6db1.dir/build.make CMakeFiles/cmTC_d6db1.dir/build
make[1]: Entering directory '/home/ajander/OpencvInstallation/build/CMakeFiles/CMakeTmp'
Building C object CMakeFiles/cmTC_d6db1.dir/src.c.o
/usr/bin/cc   -O3 -DNDEBUG -fPIE   -fsigned-char -W -Wall -Werror=return-type -Werror=address -Werror=sequence-point -Wformat -Werror=format-security -Wmissing-declarations -Wmissing-prototypes -Wstrict-prototypes -Wundef -Winit-self -Wpointer-arith -Wshadow -Wsign-promo -o CMakeFiles/cmTC_d6db1.dir/src.c.o   -c /home/ajander/OpencvInstallation/build/CMakeFiles/CMakeTmp/src.c
cc1: warning: command line option ‘-Wsign-promo’ is valid for C++/ObjC++ but not for C
/home/ajander/OpencvInstallation/build/CMakeFiles/CMakeTmp/src.c:1:0: warning: ignoring #pragma   [-Wunknown-pragmas]
 #pragma
 
Linking C executable cmTC_d6db1
/usr/bin/cmake -E cmake_link_script CMakeFiles/cmTC_d6db1.dir/link.txt --verbose=1
/usr/bin/cc   -O3 -DNDEBUG    CMakeFiles/cmTC_d6db1.dir/src.c.o  -o cmTC_d6db1 
make[1]: Leaving directory '/home/ajander/OpencvInstallation/build/CMakeFiles/CMakeTmp'

===== END =====

Build output check failed:
    Regex: 'command[- ]line option .* is valid for .* but not for C'
    Output line: 'cc1: warning: command line option ‘-Wsuggest-override’ is valid for C++/ObjC++ but not for C'
Compilation failed:
    source file: '/home/ajander/OpencvInstallation/build/CMakeFiles/CMakeTmp/src.c'
    check option: ' -fsigned-char -W -Wall -Werror=return-type -Werror=address -Werror=sequence-point -Wformat -Werror=format-security -Wmissing-declarations -Wmissing-prototypes -Wstrict-prototypes -Wundef -Winit-self -Wpointer-arith -Wshadow -Wuninitialized -Winit-self  -Wsuggest-override'
===== BUILD LOG =====
Change Dir: /home/ajander/OpencvInstallation/build/CMakeFiles/CMakeTmp

Run Build Command:"/usr/bin/make" "cmTC_0dfcb/fast"
/usr/bin/make -f CMakeFiles/cmTC_0dfcb.dir/build.make CMakeFiles/cmTC_0dfcb.dir/build
make[1]: Entering directory '/home/ajander/OpencvInstallation/build/CMakeFiles/CMakeTmp'
Building C object CMakeFiles/cmTC_0dfcb.dir/src.c.o
/usr/bin/cc   -O3 -DNDEBUG -fPIE   -fsigned-char -W -Wall -Werror=return-type -Werror=address -Werror=sequence-point -Wformat -Werror=format-security -Wmissing-declarations -Wmissing-prototypes -Wstrict-prototypes -Wundef -Winit-self -Wpointer-arith -Wshadow -Wuninitialized -Winit-self -Wsuggest-override -o CMakeFiles/cmTC_0dfcb.dir/src.c.o   -c /home/ajander/OpencvInstallation/build/CMakeFiles/CMakeTmp/src.c
cc1: warning: command line option ‘-Wsuggest-override’ is valid for C++/ObjC++ but not for C
/home/ajander/OpencvInstallation/build/CMakeFiles/CMakeTmp/src.c:1:0: warning: ignoring #pragma   [-Wunknown-pragmas]
 #pragma
 
Linking C executable cmTC_0dfcb
/usr/bin/cmake -E cmake_link_script CMakeFiles/cmTC_0dfcb.dir/link.txt --verbose=1
/usr/bin/cc   -O3 -DNDEBUG    CMakeFiles/cmTC_0dfcb.dir/src.c.o  -o cmTC_0dfcb 
make[1]: Leaving directory '/home/ajander/OpencvInstallation/build/CMakeFiles/CMakeTmp'

===== END =====

Build output check failed:
    Regex: 'command[- ]line option .* is valid for .* but not for C'
    Output line: 'cc1: warning: command line option ‘-Wno-delete-non-virtual-dtor’ is valid for C++/ObjC++ but not for C'
Compilation failed:
    source file: '/home/ajander/OpencvInstallation/build/CMakeFiles/CMakeTmp/src.c'
    check option: ' -fsigned-char -W -Wall -Werror=return-type -Werror=address -Werror=sequence-point -Wformat -Werror=format-security -Wmissing-declarations -Wmissing-prototypes -Wstrict-prototypes -Wundef -Winit-self -Wpointer-arith -Wshadow -Wuninitialized -Winit-self  -Wno-delete-non-virtual-dtor'
===== BUILD LOG =====
Change Dir: /home/ajander/OpencvInstallation/build/CMakeFiles/CMakeTmp

Run Build Command:"/usr/bin/make" "cmTC_81df0/fast"
/usr/bin/make -f CMakeFiles/cmTC_81df0.dir/build.make CMakeFiles/cmTC_81df0.dir/build
make[1]: Entering directory '/home/ajander/OpencvInstallation/build/CMakeFiles/CMakeTmp'
Building C object CMakeFiles/cmTC_81df0.dir/src.c.o
/usr/bin/cc   -O3 -DNDEBUG -fPIE   -fsigned-char -W -Wall -Werror=return-type -Werror=address -Werror=sequence-point -Wformat -Werror=format-security -Wmissing-declarations -Wmissing-prototypes -Wstrict-prototypes -Wundef -Winit-self -Wpointer-arith -Wshadow -Wuninitialized -Winit-self -Wno-delete-non-virtual-dtor -o CMakeFiles/cmTC_81df0.dir/src.c.o   -c /home/ajander/OpencvInstallation/build/CMakeFiles/CMakeTmp/src.c
cc1: warning: command line option ‘-Wno-delete-non-virtual-dtor’ is valid for C++/ObjC++ but not for C
/home/ajander/OpencvInstallation/build/CMakeFiles/CMakeTmp/src.c:1:0: warning: ignoring #pragma   [-Wunknown-pragmas]
 #pragma
 
Linking C executable cmTC_81df0
/usr/bin/cmake -E cmake_link_script CMakeFiles/cmTC_81df0.dir/link.txt --verbose=1
/usr/bin/cc   -O3 -DNDEBUG    CMakeFiles/cmTC_81df0.dir/src.c.o  -o cmTC_81df0 
make[1]: Leaving directory '/home/ajander/OpencvInstallation/build/CMakeFiles/CMakeTmp'

===== END =====

Build output check failed:
    Regex: 'unrecognized .*option'
    Output line: 'cc1plus: warning: unrecognized command line option ‘-Wno-unnamed-type-template-args’'
Compilation failed:
    source file: '/home/ajander/OpencvInstallation/build/CMakeFiles/CMakeTmp/src.cxx'
    check option: ' -fsigned-char -W -Wall -Werror=return-type -Werror=non-virtual-dtor -Werror=address -Werror=sequence-point -Wformat -Werror=format-security -Wmissing-declarations -Wundef -Winit-self -Wpointer-arith -Wshadow -Wsign-promo -Wuninitialized -Winit-self -Wsuggest-override -Wno-delete-non-virtual-dtor  -Wno-unnamed-type-template-args'
===== BUILD LOG =====
Change Dir: /home/ajander/OpencvInstallation/build/CMakeFiles/CMakeTmp

Run Build Command:"/usr/bin/make" "cmTC_bf5d2/fast"
/usr/bin/make -f CMakeFiles/cmTC_bf5d2.dir/build.make CMakeFiles/cmTC_bf5d2.dir/build
make[1]: Entering directory '/home/ajander/OpencvInstallation/build/CMakeFiles/CMakeTmp'
Building CXX object CMakeFiles/cmTC_bf5d2.dir/src.cxx.o
/usr/bin/c++    -O3 -DNDEBUG -fPIE   -fsigned-char -W -Wall -Werror=return-type -Werror=non-virtual-dtor -Werror=address -Werror=sequence-point -Wformat -Werror=format-security -Wmissing-declarations -Wundef -Winit-self -Wpointer-arith -Wshadow -Wsign-promo -Wuninitialized -Winit-self -Wsuggest-override -Wno-delete-non-virtual-dtor -Wno-unnamed-type-template-args -std=c++11 -o CMakeFiles/cmTC_bf5d2.dir/src.cxx.o -c /home/ajander/OpencvInstallation/build/CMakeFiles/CMakeTmp/src.cxx
/home/ajander/OpencvInstallation/build/CMakeFiles/CMakeTmp/src.cxx:1:0: warning: ignoring #pragma   [-Wunknown-pragmas]
 #pragma
 
cc1plus: warning: unrecognized command line option ‘-Wno-unnamed-type-template-args’
Linking CXX executable cmTC_bf5d2
/usr/bin/cmake -E cmake_link_script CMakeFiles/cmTC_bf5d2.dir/link.txt --verbose=1
/usr/bin/c++    -O3 -DNDEBUG    CMakeFiles/cmTC_bf5d2.dir/src.cxx.o  -o cmTC_bf5d2 
make[1]: Leaving directory '/home/ajander/OpencvInstallation/build/CMakeFiles/CMakeTmp'

===== END =====

Build output check failed:
    Regex: 'unrecognized .*option'
    Output line: 'cc1: warning: unrecognized command line option ‘-Wno-unnamed-type-template-args’'
Compilation failed:
    source file: '/home/ajander/OpencvInstallation/build/CMakeFiles/CMakeTmp/src.c'
    check option: ' -fsigned-char -W -Wall -Werror=return-type -Werror=address -Werror=sequence-point -Wformat -Werror=format-security -Wmissing-declarations -Wmissing-prototypes -Wstrict-prototypes -Wundef -Winit-self -Wpointer-arith -Wshadow -Wuninitialized -Winit-self  -Wno-unnamed-type-template-args'
===== BUILD LOG =====
Change Dir: /home/ajander/OpencvInstallation/build/CMakeFiles/CMakeTmp

Run Build Command:"/usr/bin/make" "cmTC_bb774/fast"
/usr/bin/make -f CMakeFiles/cmTC_bb774.dir/build.make CMakeFiles/cmTC_bb774.dir/build
make[1]: Entering directory '/home/ajander/OpencvInstallation/build/CMakeFiles/CMakeTmp'
Building C object CMakeFiles/cmTC_bb774.dir/src.c.o
/usr/bin/cc   -O3 -DNDEBUG -fPIE   -fsigned-char -W -Wall -Werror=return-type -Werror=address -Werror=sequence-point -Wformat -Werror=format-security -Wmissing-declarations -Wmissing-prototypes -Wstrict-prototypes -Wundef -Winit-self -Wpointer-arith -Wshadow -Wuninitialized -Winit-self -Wno-unnamed-type-template-args -o CMakeFiles/cmTC_bb774.dir/src.c.o   -c /home/ajander/OpencvInstallation/build/CMakeFiles/CMakeTmp/src.c
/home/ajander/OpencvInstallation/build/CMakeFiles/CMakeTmp/src.c:1:0: warning: ignoring #pragma   [-Wunknown-pragmas]
 #pragma
 
cc1: warning: unrecognized command line option ‘-Wno-unnamed-type-template-args’
Linking C executable cmTC_bb774
/usr/bin/cmake -E cmake_link_script CMakeFiles/cmTC_bb774.dir/link.txt --verbose=1
/usr/bin/cc   -O3 -DNDEBUG    CMakeFiles/cmTC_bb774.dir/src.c.o  -o cmTC_bb774 
make[1]: Leaving directory '/home/ajander/OpencvInstallation/build/CMakeFiles/CMakeTmp'

===== END =====

Build output check failed:
    Regex: 'command[- ]line option .* is valid for .* but not for C'
    Output line: 'cc1: warning: command line option ‘-fvisibility-inlines-hidden’ is valid for C++/ObjC++ but not for C'
Compilation failed:
    source file: '/home/ajander/OpencvInstallation/build/CMakeFiles/CMakeTmp/src.c'
    check option: ' -fsigned-char -W -Wall -Werror=return-type -Werror=address -Werror=sequence-point -Wformat -Werror=format-security -Wmissing-declarations -Wmissing-prototypes -Wstrict-prototypes -Wundef -Winit-self -Wpointer-arith -Wshadow -Wuninitialized -Winit-self -Wno-comment -Wimplicit-fallthrough=3 -Wno-strict-overflow -fdiagnostics-show-option -Wno-long-long -pthread -fomit-frame-pointer -ffunction-sections -fdata-sections  -msse -msse2 -msse3 -fvisibility=hidden  -fvisibility-inlines-hidden'
===== BUILD LOG =====
Change Dir: /home/ajander/OpencvInstallation/build/CMakeFiles/CMakeTmp

Run Build Command:"/usr/bin/make" "cmTC_dd8eb/fast"
/usr/bin/make -f CMakeFiles/cmTC_dd8eb.dir/build.make CMakeFiles/cmTC_dd8eb.dir/build
make[1]: Entering directory '/home/ajander/OpencvInstallation/build/CMakeFiles/CMakeTmp'
Building C object CMakeFiles/cmTC_dd8eb.dir/src.c.o
/usr/bin/cc   -O3 -DNDEBUG -fPIE   -fsigned-char -W -Wall -Werror=return-type -Werror=address -Werror=sequence-point -Wformat -Werror=format-security -Wmissing-declarations -Wmissing-prototypes -Wstrict-prototypes -Wundef -Winit-self -Wpointer-arith -Wshadow -Wuninitialized -Winit-self -Wno-comment -Wimplicit-fallthrough=3 -Wno-strict-overflow -fdiagnostics-show-option -Wno-long-long -pthread -fomit-frame-pointer -ffunction-sections -fdata-sections -msse -msse2 -msse3 -fvisibility=hidden -fvisibility-inlines-hidden -o CMakeFiles/cmTC_dd8eb.dir/src.c.o   -c /home/ajander/OpencvInstallation/build/CMakeFiles/CMakeTmp/src.c
cc1: warning: command line option ‘-fvisibility-inlines-hidden’ is valid for C++/ObjC++ but not for C
/home/ajander/OpencvInstallation/build/CMakeFiles/CMakeTmp/src.c:1:0: warning: ignoring #pragma   [-Wunknown-pragmas]
 #pragma
 
Linking C executable cmTC_dd8eb
/usr/bin/cmake -E cmake_link_script CMakeFiles/cmTC_dd8eb.dir/link.txt --verbose=1
/usr/bin/cc   -O3 -DNDEBUG    CMakeFiles/cmTC_dd8eb.dir/src.c.o  -o cmTC_dd8eb 
make[1]: Leaving directory '/home/ajander/OpencvInstallation/build/CMakeFiles/CMakeTmp'

===== END =====

Build output check failed:
    Regex: 'command[- ]line option .* is valid for .* but not for C\+\+'
    Output line: 'cc1plus: warning: command line option ‘-Wno-missing-prototypes’ is valid for C/ObjC but not for C++'
Compilation failed:
    source file: '/home/ajander/OpencvInstallation/build/CMakeFiles/CMakeTmp/src.cxx'
    check option: ' -Wno-missing-prototypes'
===== BUILD LOG =====
Change Dir: /home/ajander/OpencvInstallation/build/CMakeFiles/CMakeTmp

Run Build Command:"/usr/bin/make" "cmTC_5899e/fast"
/usr/bin/make -f CMakeFiles/cmTC_5899e.dir/build.make CMakeFiles/cmTC_5899e.dir/build
make[1]: Entering directory '/home/ajander/OpencvInstallation/build/CMakeFiles/CMakeTmp'
Building CXX object CMakeFiles/cmTC_5899e.dir/src.cxx.o
/usr/bin/c++    -fsigned-char -W -Wall -Werror=return-type -Werror=non-virtual-dtor -Werror=address -Werror=sequence-point -Wformat -Werror=format-security -Wmissing-declarations -Wundef -Winit-self -Wpointer-arith -Wshadow -Wsign-promo -Wuninitialized -Winit-self -Wsuggest-override -Wno-delete-non-virtual-dtor -Wno-comment -Wimplicit-fallthrough=3 -Wno-strict-overflow -fdiagnostics-show-option -Wno-long-long -pthread -fomit-frame-pointer -ffunction-sections -fdata-sections  -msse -msse2 -msse3 -fvisibility=hidden -fvisibility-inlines-hidden -fopenmp -Wno-deprecated  -O3 -DNDEBUG  -DNDEBUG -fPIE   -Wno-missing-prototypes -std=c++11 -o CMakeFiles/cmTC_5899e.dir/src.cxx.o -c /home/ajander/OpencvInstallation/build/CMakeFiles/CMakeTmp/src.cxx
cc1plus: warning: command line option ‘-Wno-missing-prototypes’ is valid for C/ObjC but not for C++
/home/ajander/OpencvInstallation/build/CMakeFiles/CMakeTmp/src.cxx:1:0: warning: ignoring #pragma   [-Wunknown-pragmas]
 #pragma
 
Linking CXX executable cmTC_5899e
/usr/bin/cmake -E cmake_link_script CMakeFiles/cmTC_5899e.dir/link.txt --verbose=1
/usr/bin/c++     -fsigned-char -W -Wall -Werror=return-type -Werror=non-virtual-dtor -Werror=address -Werror=sequence-point -Wformat -Werror=format-security -Wmissing-declarations -Wundef -Winit-self -Wpointer-arith -Wshadow -Wsign-promo -Wuninitialized -Winit-self -Wsuggest-override -Wno-delete-non-virtual-dtor -Wno-comment -Wimplicit-fallthrough=3 -Wno-strict-overflow -fdiagnostics-show-option -Wno-long-long -pthread -fomit-frame-pointer -ffunction-sections -fdata-sections  -msse -msse2 -msse3 -fvisibility=hidden -fvisibility-inlines-hidden -fopenmp -Wno-deprecated  -O3 -DNDEBUG  -DNDEBUG    -Wl,--gc-sections -Wl,--as-needed  CMakeFiles/cmTC_5899e.dir/src.cxx.o  -o cmTC_5899e 
make[1]: Leaving directory '/home/ajander/OpencvInstallation/build/CMakeFiles/CMakeTmp'

===== END =====

Build output check failed:
    Regex: 'unrecognized .*option'
    Output line: 'cc1plus: warning: unrecognized command line option ‘-Wno-tautological-undefined-compare’'
Compilation failed:
    source file: '/home/ajander/OpencvInstallation/build/CMakeFiles/CMakeTmp/src.cxx'
    check option: ' -Wno-tautological-undefined-compare'
===== BUILD LOG =====
Change Dir: /home/ajander/OpencvInstallation/build/CMakeFiles/CMakeTmp

Run Build Command:"/usr/bin/make" "cmTC_c45c0/fast"
/usr/bin/make -f CMakeFiles/cmTC_c45c0.dir/build.make CMakeFiles/cmTC_c45c0.dir/build
make[1]: Entering directory '/home/ajander/OpencvInstallation/build/CMakeFiles/CMakeTmp'
Building CXX object CMakeFiles/cmTC_c45c0.dir/src.cxx.o
/usr/bin/c++    -fsigned-char -W -Wall -Werror=return-type -Werror=non-virtual-dtor -Werror=address -Werror=sequence-point -Wformat -Werror=format-security -Winit-self -Wpointer-arith -Wuninitialized -Winit-self -Wsuggest-override -Wno-delete-non-virtual-dtor -Wno-comment -Wimplicit-fallthrough=3 -Wno-strict-overflow -fdiagnostics-show-option -Wno-long-long -pthread -fomit-frame-pointer -ffunction-sections -fdata-sections  -msse -msse2 -msse3 -fvisibility=hidden -fvisibility-inlines-hidden -fopenmp -Wno-deprecated -Wno-missing-declarations -Wno-shadow -Wno-unused-parameter -Wno-unused-local-typedefs -Wno-sign-compare -Wno-sign-promo -Wno-undef  -O3 -DNDEBUG  -DNDEBUG -fPIE   -Wno-tautological-undefined-compare -std=c++11 -o CMakeFiles/cmTC_c45c0.dir/src.cxx.o -c /home/ajander/OpencvInstallation/build/CMakeFiles/CMakeTmp/src.cxx
/home/ajander/OpencvInstallation/build/CMakeFiles/CMakeTmp/src.cxx:1:0: warning: ignoring #pragma   [-Wunknown-pragmas]
 #pragma
 
cc1plus: warning: unrecognized command line option ‘-Wno-tautological-undefined-compare’
Linking CXX executable cmTC_c45c0
/usr/bin/cmake -E cmake_link_script CMakeFiles/cmTC_c45c0.dir/link.txt --verbose=1
/usr/bin/c++     -fsigned-char -W -Wall -Werror=return-type -Werror=non-virtual-dtor -Werror=address -Werror=sequence-point -Wformat -Werror=format-security -Winit-self -Wpointer-arith -Wuninitialized -Winit-self -Wsuggest-override -Wno-delete-non-virtual-dtor -Wno-comment -Wimplicit-fallthrough=3 -Wno-strict-overflow -fdiagnostics-show-option -Wno-long-long -pthread -fomit-frame-pointer -ffunction-sections -fdata-sections  -msse -msse2 -msse3 -fvisibility=hidden -fvisibility-inlines-hidden -fopenmp -Wno-deprecated -Wno-missing-declarations -Wno-shadow -Wno-unused-parameter -Wno-unused-local-typedefs -Wno-sign-compare -Wno-sign-promo -Wno-undef  -O3 -DNDEBUG  -DNDEBUG    -Wl,--gc-sections -Wl,--as-needed  CMakeFiles/cmTC_c45c0.dir/src.cxx.o  -o cmTC_c45c0 
make[1]: Leaving directory '/home/ajander/OpencvInstallation/build/CMakeFiles/CMakeTmp'

===== END =====

Build output check failed:
    Regex: 'unrecognized .*option'
    Output line: 'cc1plus: warning: unrecognized command line option ‘-Wno-shorten-64-to-32’'
Compilation failed:
    source file: '/home/ajander/OpencvInstallation/build/CMakeFiles/CMakeTmp/src.cxx'
    check option: ' -Wno-shorten-64-to-32'
===== BUILD LOG =====
Change Dir: /home/ajander/OpencvInstallation/build/CMakeFiles/CMakeTmp

Run Build Command:"/usr/bin/make" "cmTC_9b2d0/fast"
/usr/bin/make -f CMakeFiles/cmTC_9b2d0.dir/build.make CMakeFiles/cmTC_9b2d0.dir/build
make[1]: Entering directory '/home/ajander/OpencvInstallation/build/CMakeFiles/CMakeTmp'
Building CXX object CMakeFiles/cmTC_9b2d0.dir/src.cxx.o
/usr/bin/c++    -fsigned-char -W -Wall -Werror=return-type -Werror=non-virtual-dtor -Werror=address -Werror=sequence-point -Wformat -Werror=format-security -Winit-self -Wpointer-arith -Wuninitialized -Winit-self -Wsuggest-override -Wno-delete-non-virtual-dtor -Wno-comment -Wimplicit-fallthrough=3 -Wno-strict-overflow -fdiagnostics-show-option -Wno-long-long -pthread -fomit-frame-pointer -ffunction-sections -fdata-sections  -msse -msse2 -msse3 -fvisibility=hidden -fvisibility-inlines-hidden -fopenmp -Wno-deprecated -Wno-missing-declarations -Wno-shadow -Wno-unused-parameter -Wno-unused-local-typedefs -Wno-sign-compare -Wno-sign-promo -Wno-undef -Wno-ignored-qualifiers -Wno-extra -Wno-unused-function -Wno-unused-const-variable  -O3 -DNDEBUG  -DNDEBUG -fPIE   -Wno-shorten-64-to-32 -std=c++11 -o CMakeFiles/cmTC_9b2d0.dir/src.cxx.o -c /home/ajander/OpencvInstallation/build/CMakeFiles/CMakeTmp/src.cxx
/home/ajander/OpencvInstallation/build/CMakeFiles/CMakeTmp/src.cxx:1:0: warning: ignoring #pragma   [-Wunknown-pragmas]
 #pragma
 
cc1plus: warning: unrecognized command line option ‘-Wno-shorten-64-to-32’
Linking CXX executable cmTC_9b2d0
/usr/bin/cmake -E cmake_link_script CMakeFiles/cmTC_9b2d0.dir/link.txt --verbose=1
/usr/bin/c++     -fsigned-char -W -Wall -Werror=return-type -Werror=non-virtual-dtor -Werror=address -Werror=sequence-point -Wformat -Werror=format-security -Winit-self -Wpointer-arith -Wuninitialized -Winit-self -Wsuggest-override -Wno-delete-non-virtual-dtor -Wno-comment -Wimplicit-fallthrough=3 -Wno-strict-overflow -fdiagnostics-show-option -Wno-long-long -pthread -fomit-frame-pointer -ffunction-sections -fdata-sections  -msse -msse2 -msse3 -fvisibility=hidden -fvisibility-inlines-hidden -fopenmp -Wno-deprecated -Wno-missing-declarations -Wno-shadow -Wno-unused-parameter -Wno-unused-local-typedefs -Wno-sign-compare -Wno-sign-promo -Wno-undef -Wno-ignored-qualifiers -Wno-extra -Wno-unused-function -Wno-unused-const-variable  -O3 -DNDEBUG  -DNDEBUG    -Wl,--gc-sections -Wl,--as-needed  CMakeFiles/cmTC_9b2d0.dir/src.cxx.o  -o cmTC_9b2d0 
make[1]: Leaving directory '/home/ajander/OpencvInstallation/build/CMakeFiles/CMakeTmp'

===== END =====

Build output check failed:
    Regex: 'unrecognized .*option'
    Output line: 'cc1plus: warning: unrecognized command line option ‘-Wno-enum-compare-switch’'
Compilation failed:
    source file: '/home/ajander/OpencvInstallation/build/CMakeFiles/CMakeTmp/src.cxx'
    check option: ' -Wno-enum-compare-switch'
===== BUILD LOG =====
Change Dir: /home/ajander/OpencvInstallation/build/CMakeFiles/CMakeTmp

Run Build Command:"/usr/bin/make" "cmTC_a8dd7/fast"
/usr/bin/make -f CMakeFiles/cmTC_a8dd7.dir/build.make CMakeFiles/cmTC_a8dd7.dir/build
make[1]: Entering directory '/home/ajander/OpencvInstallation/build/CMakeFiles/CMakeTmp'
Building CXX object CMakeFiles/cmTC_a8dd7.dir/src.cxx.o
/usr/bin/c++    -fsigned-char -W -Wall -Werror=return-type -Werror=non-virtual-dtor -Werror=address -Werror=sequence-point -Wformat -Werror=format-security -Winit-self -Wpointer-arith -Wuninitialized -Winit-self -Wsuggest-override -Wno-delete-non-virtual-dtor -Wno-comment -Wimplicit-fallthrough=3 -Wno-strict-overflow -fdiagnostics-show-option -Wno-long-long -pthread -fomit-frame-pointer -ffunction-sections -fdata-sections  -msse -msse2 -msse3 -fvisibility=hidden -fvisibility-inlines-hidden -fopenmp -Wno-deprecated -Wno-missing-declarations -Wno-shadow -Wno-unused-parameter -Wno-unused-local-typedefs -Wno-sign-compare -Wno-sign-promo -Wno-undef -Wno-ignored-qualifiers -Wno-extra -Wno-unused-function -Wno-unused-const-variable -Wno-invalid-offsetof  -O3 -DNDEBUG  -DNDEBUG -fPIE   -Wno-enum-compare-switch -std=c++11 -o CMakeFiles/cmTC_a8dd7.dir/src.cxx.o -c /home/ajander/OpencvInstallation/build/CMakeFiles/CMakeTmp/src.cxx
/home/ajander/OpencvInstallation/build/CMakeFiles/CMakeTmp/src.cxx:1:0: warning: ignoring #pragma   [-Wunknown-pragmas]
 #pragma
 
cc1plus: warning: unrecognized command line option ‘-Wno-enum-compare-switch’
Linking CXX executable cmTC_a8dd7
/usr/bin/cmake -E cmake_link_script CMakeFiles/cmTC_a8dd7.dir/link.txt --verbose=1
/usr/bin/c++     -fsigned-char -W -Wall -Werror=return-type -Werror=non-virtual-dtor -Werror=address -Werror=sequence-point -Wformat -Werror=format-security -Winit-self -Wpointer-arith -Wuninitialized -Winit-self -Wsuggest-override -Wno-delete-non-virtual-dtor -Wno-comment -Wimplicit-fallthrough=3 -Wno-strict-overflow -fdiagnostics-show-option -Wno-long-long -pthread -fomit-frame-pointer -ffunction-sections -fdata-sections  -msse -msse2 -msse3 -fvisibility=hidden -fvisibility-inlines-hidden -fopenmp -Wno-deprecated -Wno-missing-declarations -Wno-shadow -Wno-unused-parameter -Wno-unused-local-typedefs -Wno-sign-compare -Wno-sign-promo -Wno-undef -Wno-ignored-qualifiers -Wno-extra -Wno-unused-function -Wno-unused-const-variable -Wno-invalid-offsetof  -O3 -DNDEBUG  -DNDEBUG    -Wl,--gc-sections -Wl,--as-needed  CMakeFiles/cmTC_a8dd7.dir/src.cxx.o  -o cmTC_a8dd7 
make[1]: Leaving directory '/home/ajander/OpencvInstallation/build/CMakeFiles/CMakeTmp'

===== END =====

Build output check failed:
    Regex: 'unrecognized .*option'
    Output line: 'cc1plus: warning: unrecognized command line option ‘-Wno-inconsistent-missing-override’'
Compilation failed:
    source file: '/home/ajander/OpencvInstallation/build/CMakeFiles/CMakeTmp/src.cxx'
    check option: ' -Wno-inconsistent-missing-override'
===== BUILD LOG =====
Change Dir: /home/ajander/OpencvInstallation/build/CMakeFiles/CMakeTmp

Run Build Command:"/usr/bin/make" "cmTC_f749d/fast"
/usr/bin/make -f CMakeFiles/cmTC_f749d.dir/build.make CMakeFiles/cmTC_f749d.dir/build
make[1]: Entering directory '/home/ajander/OpencvInstallation/build/CMakeFiles/CMakeTmp'
Building CXX object CMakeFiles/cmTC_f749d.dir/src.cxx.o
/usr/bin/c++    -fsigned-char -W -Wall -Werror=return-type -Werror=non-virtual-dtor -Werror=address -Werror=sequence-point -Wformat -Werror=format-security -Winit-self -Wpointer-arith -Wuninitialized -Winit-self -Wno-delete-non-virtual-dtor -Wno-comment -Wimplicit-fallthrough=3 -Wno-strict-overflow -fdiagnostics-show-option -Wno-long-long -pthread -fomit-frame-pointer -ffunction-sections -fdata-sections  -msse -msse2 -msse3 -fvisibility=hidden -fvisibility-inlines-hidden -fopenmp -Wno-deprecated -Wno-missing-declarations -Wno-shadow -Wno-unused-parameter -Wno-unused-local-typedefs -Wno-sign-compare -Wno-sign-promo -Wno-undef -Wno-ignored-qualifiers -Wno-extra -Wno-unused-function -Wno-unused-const-variable -Wno-invalid-offsetof -Wno-suggest-override  -O3 -DNDEBUG  -DNDEBUG -fPIE   -Wno-inconsistent-missing-override -std=c++11 -o CMakeFiles/cmTC_f749d.dir/src.cxx.o -c /home/ajander/OpencvInstallation/build/CMakeFiles/CMakeTmp/src.cxx
/home/ajander/OpencvInstallation/build/CMakeFiles/CMakeTmp/src.cxx:1:0: warning: ignoring #pragma   [-Wunknown-pragmas]
 #pragma
 
cc1plus: warning: unrecognized command line option ‘-Wno-inconsistent-missing-override’
Linking CXX executable cmTC_f749d
/usr/bin/cmake -E cmake_link_script CMakeFiles/cmTC_f749d.dir/link.txt --verbose=1
/usr/bin/c++     -fsigned-char -W -Wall -Werror=return-type -Werror=non-virtual-dtor -Werror=address -Werror=sequence-point -Wformat -Werror=format-security -Winit-self -Wpointer-arith -Wuninitialized -Winit-self -Wno-delete-non-virtual-dtor -Wno-comment -Wimplicit-fallthrough=3 -Wno-strict-overflow -fdiagnostics-show-option -Wno-long-long -pthread -fomit-frame-pointer -ffunction-sections -fdata-sections  -msse -msse2 -msse3 -fvisibility=hidden -fvisibility-inlines-hidden -fopenmp -Wno-deprecated -Wno-missing-declarations -Wno-shadow -Wno-unused-parameter -Wno-unused-local-typedefs -Wno-sign-compare -Wno-sign-promo -Wno-undef -Wno-ignored-qualifiers -Wno-extra -Wno-unused-function -Wno-unused-const-variable -Wno-invalid-offsetof -Wno-suggest-override  -O3 -DNDEBUG  -DNDEBUG    -Wl,--gc-sections -Wl,--as-needed  CMakeFiles/cmTC_f749d.dir/src.cxx.o  -o cmTC_f749d 
make[1]: Leaving directory '/home/ajander/OpencvInstallation/build/CMakeFiles/CMakeTmp'

===== END =====

Determining if the include file sys/videoio.h exists failed with the following output:
Change Dir: /home/ajander/OpencvInstallation/build/CMakeFiles/CMakeTmp

Run Build Command:"/usr/bin/make" "cmTC_cf692/fast"
/usr/bin/make -f CMakeFiles/cmTC_cf692.dir/build.make CMakeFiles/cmTC_cf692.dir/build
make[1]: Entering directory '/home/ajander/OpencvInstallation/build/CMakeFiles/CMakeTmp'
Building C object CMakeFiles/cmTC_cf692.dir/CheckIncludeFile.c.o
/usr/bin/cc   -fsigned-char -W -Wall -Werror=return-type -Werror=address -Werror=sequence-point -Wformat -Werror=format-security -Wmissing-declarations -Wmissing-prototypes -Wstrict-prototypes -Wundef -Winit-self -Wpointer-arith -Wshadow -Wuninitialized -Winit-self -Wno-comment -Wimplicit-fallthrough=3 -Wno-strict-overflow -fdiagnostics-show-option -Wno-long-long -pthread -fomit-frame-pointer -ffunction-sections -fdata-sections  -msse -msse2 -msse3 -fvisibility=hidden -fopenmp  -O3 -DNDEBUG  -DNDEBUG -fPIE   -o CMakeFiles/cmTC_cf692.dir/CheckIncludeFile.c.o   -c /home/ajander/OpencvInstallation/build/CMakeFiles/CMakeTmp/CheckIncludeFile.c
/home/ajander/OpencvInstallation/build/CMakeFiles/CMakeTmp/CheckIncludeFile.c:1:10: fatal error: sys/videoio.h: No such file or directory
 #include <sys/videoio.h>
          ^~~~~~~~~~~~~~~
compilation terminated.
CMakeFiles/cmTC_cf692.dir/build.make:65: recipe for target 'CMakeFiles/cmTC_cf692.dir/CheckIncludeFile.c.o' failed
make[1]: *** [CMakeFiles/cmTC_cf692.dir/CheckIncludeFile.c.o] Error 1
make[1]: Leaving directory '/home/ajander/OpencvInstallation/build/CMakeFiles/CMakeTmp'
Makefile:126: recipe for target 'cmTC_cf692/fast' failed
make: *** [cmTC_cf692/fast] Error 2


Build output check failed:
    Regex: 'unrecognized .*option'
    Output line: 'cc1plus: warning: unrecognized command line option ‘-Wno-unused-private-field’'
Compilation failed:
    source file: '/home/ajander/OpencvInstallation/build/CMakeFiles/CMakeTmp/src.cxx'
    check option: ' -Wno-unused-private-field'
===== BUILD LOG =====
Change Dir: /home/ajander/OpencvInstallation/build/CMakeFiles/CMakeTmp

Run Build Command:"/usr/bin/make" "cmTC_d68dd/fast"
/usr/bin/make -f CMakeFiles/cmTC_d68dd.dir/build.make CMakeFiles/cmTC_d68dd.dir/build
make[1]: Entering directory '/home/ajander/OpencvInstallation/build/CMakeFiles/CMakeTmp'
Building CXX object CMakeFiles/cmTC_d68dd.dir/src.cxx.o
/usr/bin/c++    -fsigned-char -W -Wall -Werror=return-type -Werror=non-virtual-dtor -Werror=address -Werror=sequence-point -Wformat -Werror=format-security -Wmissing-declarations -Wundef -Winit-self -Wpointer-arith -Wshadow -Wsign-promo -Wuninitialized -Winit-self -Wsuggest-override -Wno-delete-non-virtual-dtor -Wno-comment -Wimplicit-fallthrough=3 -Wno-strict-overflow -fdiagnostics-show-option -Wno-long-long -pthread -fomit-frame-pointer -ffunction-sections -fdata-sections  -msse -msse2 -msse3 -fvisibility=hidden -fvisibility-inlines-hidden -fopenmp -Wno-unused-function -Wno-deprecated-declarations -Wno-overloaded-virtual  -O3 -DNDEBUG  -DNDEBUG -fPIE   -Wno-unused-private-field -std=c++11 -o CMakeFiles/cmTC_d68dd.dir/src.cxx.o -c /home/ajander/OpencvInstallation/build/CMakeFiles/CMakeTmp/src.cxx
/home/ajander/OpencvInstallation/build/CMakeFiles/CMakeTmp/src.cxx:1:0: warning: ignoring #pragma   [-Wunknown-pragmas]
 #pragma
 
cc1plus: warning: unrecognized command line option ‘-Wno-unused-private-field’
Linking CXX executable cmTC_d68dd
/usr/bin/cmake -E cmake_link_script CMakeFiles/cmTC_d68dd.dir/link.txt --verbose=1
/usr/bin/c++     -fsigned-char -W -Wall -Werror=return-type -Werror=non-virtual-dtor -Werror=address -Werror=sequence-point -Wformat -Werror=format-security -Wmissing-declarations -Wundef -Winit-self -Wpointer-arith -Wshadow -Wsign-promo -Wuninitialized -Winit-self -Wsuggest-override -Wno-delete-non-virtual-dtor -Wno-comment -Wimplicit-fallthrough=3 -Wno-strict-overflow -fdiagnostics-show-option -Wno-long-long -pthread -fomit-frame-pointer -ffunction-sections -fdata-sections  -msse -msse2 -msse3 -fvisibility=hidden -fvisibility-inlines-hidden -fopenmp -Wno-unused-function -Wno-deprecated-declarations -Wno-overloaded-virtual  -O3 -DNDEBUG  -DNDEBUG    -Wl,--gc-sections -Wl,--as-needed  CMakeFiles/cmTC_d68dd.dir/src.cxx.o  -o cmTC_d68dd 
make[1]: Leaving directory '/home/ajander/OpencvInstallation/build/CMakeFiles/CMakeTmp'

===== END =====

Determining if the CL_VERSION_2_2 exist failed with the following output:
Change Dir: /home/ajander/OpencvInstallation/build/CMakeFiles/CMakeTmp

Run Build Command:"/usr/bin/make" "cmTC_e63f8/fast"
/usr/bin/make -f CMakeFiles/cmTC_e63f8.dir/build.make CMakeFiles/cmTC_e63f8.dir/build
make[1]: Entering directory '/home/ajander/OpencvInstallation/build/CMakeFiles/CMakeTmp'
Building C object CMakeFiles/cmTC_e63f8.dir/CheckSymbolExists.c.o
/usr/bin/cc   -fsigned-char -W -Wall -Werror=return-type -Werror=address -Werror=sequence-point -Wformat -Werror=format-security -Wmissing-declarations -Wmissing-prototypes -Wstrict-prototypes -Wundef -Winit-self -Wpointer-arith -Wshadow -Wuninitialized -Winit-self -Wno-comment -Wimplicit-fallthrough=3 -Wno-strict-overflow -fdiagnostics-show-option -Wno-long-long -pthread -fomit-frame-pointer -ffunction-sections -fdata-sections  -msse -msse2 -msse3 -fvisibility=hidden -fopenmp  -O3 -DNDEBUG  -DNDEBUG -fPIE   -o CMakeFiles/cmTC_e63f8.dir/CheckSymbolExists.c.o   -c /home/ajander/OpencvInstallation/build/CMakeFiles/CMakeTmp/CheckSymbolExists.c
/home/ajander/OpencvInstallation/build/CMakeFiles/CMakeTmp/CheckSymbolExists.c:2:10: fatal error: OpenCL_INCLUDE_DIR-NOTFOUND/CL/cl.h: No such file or directory
 #include <OpenCL_INCLUDE_DIR-NOTFOUND/CL/cl.h>
          ^~~~~~~~~~~~~~~~~~~~~~~~~~~~~~~~~~~~~
compilation terminated.
CMakeFiles/cmTC_e63f8.dir/build.make:65: recipe for target 'CMakeFiles/cmTC_e63f8.dir/CheckSymbolExists.c.o' failed
make[1]: *** [CMakeFiles/cmTC_e63f8.dir/CheckSymbolExists.c.o] Error 1
make[1]: Leaving directory '/home/ajander/OpencvInstallation/build/CMakeFiles/CMakeTmp'
Makefile:126: recipe for target 'cmTC_e63f8/fast' failed
make: *** [cmTC_e63f8/fast] Error 2

File /home/ajander/OpencvInstallation/build/CMakeFiles/CMakeTmp/CheckSymbolExists.c:
/* */
#include <OpenCL_INCLUDE_DIR-NOTFOUND/CL/cl.h>

int main(int argc, char** argv)
{
  (void)argv;
#ifndef CL_VERSION_2_2
  return ((int*)(&CL_VERSION_2_2))[argc];
#else
  (void)argc;
  return 0;
#endif
}

Determining if the CL_VERSION_2_1 exist failed with the following output:
Change Dir: /home/ajander/OpencvInstallation/build/CMakeFiles/CMakeTmp

Run Build Command:"/usr/bin/make" "cmTC_a1972/fast"
/usr/bin/make -f CMakeFiles/cmTC_a1972.dir/build.make CMakeFiles/cmTC_a1972.dir/build
make[1]: Entering directory '/home/ajander/OpencvInstallation/build/CMakeFiles/CMakeTmp'
Building C object CMakeFiles/cmTC_a1972.dir/CheckSymbolExists.c.o
/usr/bin/cc   -fsigned-char -W -Wall -Werror=return-type -Werror=address -Werror=sequence-point -Wformat -Werror=format-security -Wmissing-declarations -Wmissing-prototypes -Wstrict-prototypes -Wundef -Winit-self -Wpointer-arith -Wshadow -Wuninitialized -Winit-self -Wno-comment -Wimplicit-fallthrough=3 -Wno-strict-overflow -fdiagnostics-show-option -Wno-long-long -pthread -fomit-frame-pointer -ffunction-sections -fdata-sections  -msse -msse2 -msse3 -fvisibility=hidden -fopenmp  -O3 -DNDEBUG  -DNDEBUG -fPIE   -o CMakeFiles/cmTC_a1972.dir/CheckSymbolExists.c.o   -c /home/ajander/OpencvInstallation/build/CMakeFiles/CMakeTmp/CheckSymbolExists.c
/home/ajander/OpencvInstallation/build/CMakeFiles/CMakeTmp/CheckSymbolExists.c:2:10: fatal error: OpenCL_INCLUDE_DIR-NOTFOUND/CL/cl.h: No such file or directory
 #include <OpenCL_INCLUDE_DIR-NOTFOUND/CL/cl.h>
          ^~~~~~~~~~~~~~~~~~~~~~~~~~~~~~~~~~~~~
compilation terminated.
CMakeFiles/cmTC_a1972.dir/build.make:65: recipe for target 'CMakeFiles/cmTC_a1972.dir/CheckSymbolExists.c.o' failed
make[1]: *** [CMakeFiles/cmTC_a1972.dir/CheckSymbolExists.c.o] Error 1
make[1]: Leaving directory '/home/ajander/OpencvInstallation/build/CMakeFiles/CMakeTmp'
Makefile:126: recipe for target 'cmTC_a1972/fast' failed
make: *** [cmTC_a1972/fast] Error 2

File /home/ajander/OpencvInstallation/build/CMakeFiles/CMakeTmp/CheckSymbolExists.c:
/* */
#include <OpenCL_INCLUDE_DIR-NOTFOUND/CL/cl.h>

int main(int argc, char** argv)
{
  (void)argv;
#ifndef CL_VERSION_2_1
  return ((int*)(&CL_VERSION_2_1))[argc];
#else
  (void)argc;
  return 0;
#endif
}

Determining if the CL_VERSION_2_0 exist failed with the following output:
Change Dir: /home/ajander/OpencvInstallation/build/CMakeFiles/CMakeTmp

Run Build Command:"/usr/bin/make" "cmTC_a5f5f/fast"
/usr/bin/make -f CMakeFiles/cmTC_a5f5f.dir/build.make CMakeFiles/cmTC_a5f5f.dir/build
make[1]: Entering directory '/home/ajander/OpencvInstallation/build/CMakeFiles/CMakeTmp'
Building C object CMakeFiles/cmTC_a5f5f.dir/CheckSymbolExists.c.o
/usr/bin/cc   -fsigned-char -W -Wall -Werror=return-type -Werror=address -Werror=sequence-point -Wformat -Werror=format-security -Wmissing-declarations -Wmissing-prototypes -Wstrict-prototypes -Wundef -Winit-self -Wpointer-arith -Wshadow -Wuninitialized -Winit-self -Wno-comment -Wimplicit-fallthrough=3 -Wno-strict-overflow -fdiagnostics-show-option -Wno-long-long -pthread -fomit-frame-pointer -ffunction-sections -fdata-sections  -msse -msse2 -msse3 -fvisibility=hidden -fopenmp  -O3 -DNDEBUG  -DNDEBUG -fPIE   -o CMakeFiles/cmTC_a5f5f.dir/CheckSymbolExists.c.o   -c /home/ajander/OpencvInstallation/build/CMakeFiles/CMakeTmp/CheckSymbolExists.c
/home/ajander/OpencvInstallation/build/CMakeFiles/CMakeTmp/CheckSymbolExists.c:2:10: fatal error: OpenCL_INCLUDE_DIR-NOTFOUND/CL/cl.h: No such file or directory
 #include <OpenCL_INCLUDE_DIR-NOTFOUND/CL/cl.h>
          ^~~~~~~~~~~~~~~~~~~~~~~~~~~~~~~~~~~~~
compilation terminated.
CMakeFiles/cmTC_a5f5f.dir/build.make:65: recipe for target 'CMakeFiles/cmTC_a5f5f.dir/CheckSymbolExists.c.o' failed
make[1]: *** [CMakeFiles/cmTC_a5f5f.dir/CheckSymbolExists.c.o] Error 1
make[1]: Leaving directory '/home/ajander/OpencvInstallation/build/CMakeFiles/CMakeTmp'
Makefile:126: recipe for target 'cmTC_a5f5f/fast' failed
make: *** [cmTC_a5f5f/fast] Error 2

File /home/ajander/OpencvInstallation/build/CMakeFiles/CMakeTmp/CheckSymbolExists.c:
/* */
#include <OpenCL_INCLUDE_DIR-NOTFOUND/CL/cl.h>

int main(int argc, char** argv)
{
  (void)argv;
#ifndef CL_VERSION_2_0
  return ((int*)(&CL_VERSION_2_0))[argc];
#else
  (void)argc;
  return 0;
#endif
}

Determining if the CL_VERSION_1_2 exist failed with the following output:
Change Dir: /home/ajander/OpencvInstallation/build/CMakeFiles/CMakeTmp

Run Build Command:"/usr/bin/make" "cmTC_44959/fast"
/usr/bin/make -f CMakeFiles/cmTC_44959.dir/build.make CMakeFiles/cmTC_44959.dir/build
make[1]: Entering directory '/home/ajander/OpencvInstallation/build/CMakeFiles/CMakeTmp'
Building C object CMakeFiles/cmTC_44959.dir/CheckSymbolExists.c.o
/usr/bin/cc   -fsigned-char -W -Wall -Werror=return-type -Werror=address -Werror=sequence-point -Wformat -Werror=format-security -Wmissing-declarations -Wmissing-prototypes -Wstrict-prototypes -Wundef -Winit-self -Wpointer-arith -Wshadow -Wuninitialized -Winit-self -Wno-comment -Wimplicit-fallthrough=3 -Wno-strict-overflow -fdiagnostics-show-option -Wno-long-long -pthread -fomit-frame-pointer -ffunction-sections -fdata-sections  -msse -msse2 -msse3 -fvisibility=hidden -fopenmp  -O3 -DNDEBUG  -DNDEBUG -fPIE   -o CMakeFiles/cmTC_44959.dir/CheckSymbolExists.c.o   -c /home/ajander/OpencvInstallation/build/CMakeFiles/CMakeTmp/CheckSymbolExists.c
/home/ajander/OpencvInstallation/build/CMakeFiles/CMakeTmp/CheckSymbolExists.c:2:10: fatal error: OpenCL_INCLUDE_DIR-NOTFOUND/CL/cl.h: No such file or directory
 #include <OpenCL_INCLUDE_DIR-NOTFOUND/CL/cl.h>
          ^~~~~~~~~~~~~~~~~~~~~~~~~~~~~~~~~~~~~
compilation terminated.
CMakeFiles/cmTC_44959.dir/build.make:65: recipe for target 'CMakeFiles/cmTC_44959.dir/CheckSymbolExists.c.o' failed
make[1]: *** [CMakeFiles/cmTC_44959.dir/CheckSymbolExists.c.o] Error 1
make[1]: Leaving directory '/home/ajander/OpencvInstallation/build/CMakeFiles/CMakeTmp'
Makefile:126: recipe for target 'cmTC_44959/fast' failed
make: *** [cmTC_44959/fast] Error 2

File /home/ajander/OpencvInstallation/build/CMakeFiles/CMakeTmp/CheckSymbolExists.c:
/* */
#include <OpenCL_INCLUDE_DIR-NOTFOUND/CL/cl.h>

int main(int argc, char** argv)
{
  (void)argv;
#ifndef CL_VERSION_1_2
  return ((int*)(&CL_VERSION_1_2))[argc];
#else
  (void)argc;
  return 0;
#endif
}

Determining if the CL_VERSION_1_1 exist failed with the following output:
Change Dir: /home/ajander/OpencvInstallation/build/CMakeFiles/CMakeTmp

Run Build Command:"/usr/bin/make" "cmTC_e1e6e/fast"
/usr/bin/make -f CMakeFiles/cmTC_e1e6e.dir/build.make CMakeFiles/cmTC_e1e6e.dir/build
make[1]: Entering directory '/home/ajander/OpencvInstallation/build/CMakeFiles/CMakeTmp'
Building C object CMakeFiles/cmTC_e1e6e.dir/CheckSymbolExists.c.o
/usr/bin/cc   -fsigned-char -W -Wall -Werror=return-type -Werror=address -Werror=sequence-point -Wformat -Werror=format-security -Wmissing-declarations -Wmissing-prototypes -Wstrict-prototypes -Wundef -Winit-self -Wpointer-arith -Wshadow -Wuninitialized -Winit-self -Wno-comment -Wimplicit-fallthrough=3 -Wno-strict-overflow -fdiagnostics-show-option -Wno-long-long -pthread -fomit-frame-pointer -ffunction-sections -fdata-sections  -msse -msse2 -msse3 -fvisibility=hidden -fopenmp  -O3 -DNDEBUG  -DNDEBUG -fPIE   -o CMakeFiles/cmTC_e1e6e.dir/CheckSymbolExists.c.o   -c /home/ajander/OpencvInstallation/build/CMakeFiles/CMakeTmp/CheckSymbolExists.c
/home/ajander/OpencvInstallation/build/CMakeFiles/CMakeTmp/CheckSymbolExists.c:2:10: fatal error: OpenCL_INCLUDE_DIR-NOTFOUND/CL/cl.h: No such file or directory
 #include <OpenCL_INCLUDE_DIR-NOTFOUND/CL/cl.h>
          ^~~~~~~~~~~~~~~~~~~~~~~~~~~~~~~~~~~~~
compilation terminated.
CMakeFiles/cmTC_e1e6e.dir/build.make:65: recipe for target 'CMakeFiles/cmTC_e1e6e.dir/CheckSymbolExists.c.o' failed
make[1]: *** [CMakeFiles/cmTC_e1e6e.dir/CheckSymbolExists.c.o] Error 1
make[1]: Leaving directory '/home/ajander/OpencvInstallation/build/CMakeFiles/CMakeTmp'
Makefile:126: recipe for target 'cmTC_e1e6e/fast' failed
make: *** [cmTC_e1e6e/fast] Error 2

File /home/ajander/OpencvInstallation/build/CMakeFiles/CMakeTmp/CheckSymbolExists.c:
/* */
#include <OpenCL_INCLUDE_DIR-NOTFOUND/CL/cl.h>

int main(int argc, char** argv)
{
  (void)argv;
#ifndef CL_VERSION_1_1
  return ((int*)(&CL_VERSION_1_1))[argc];
#else
  (void)argc;
  return 0;
#endif
}

Determining if the CL_VERSION_1_0 exist failed with the following output:
Change Dir: /home/ajander/OpencvInstallation/build/CMakeFiles/CMakeTmp

Run Build Command:"/usr/bin/make" "cmTC_49c2e/fast"
/usr/bin/make -f CMakeFiles/cmTC_49c2e.dir/build.make CMakeFiles/cmTC_49c2e.dir/build
make[1]: Entering directory '/home/ajander/OpencvInstallation/build/CMakeFiles/CMakeTmp'
Building C object CMakeFiles/cmTC_49c2e.dir/CheckSymbolExists.c.o
/usr/bin/cc   -fsigned-char -W -Wall -Werror=return-type -Werror=address -Werror=sequence-point -Wformat -Werror=format-security -Wmissing-declarations -Wmissing-prototypes -Wstrict-prototypes -Wundef -Winit-self -Wpointer-arith -Wshadow -Wuninitialized -Winit-self -Wno-comment -Wimplicit-fallthrough=3 -Wno-strict-overflow -fdiagnostics-show-option -Wno-long-long -pthread -fomit-frame-pointer -ffunction-sections -fdata-sections  -msse -msse2 -msse3 -fvisibility=hidden -fopenmp  -O3 -DNDEBUG  -DNDEBUG -fPIE   -o CMakeFiles/cmTC_49c2e.dir/CheckSymbolExists.c.o   -c /home/ajander/OpencvInstallation/build/CMakeFiles/CMakeTmp/CheckSymbolExists.c
/home/ajander/OpencvInstallation/build/CMakeFiles/CMakeTmp/CheckSymbolExists.c:2:10: fatal error: OpenCL_INCLUDE_DIR-NOTFOUND/CL/cl.h: No such file or directory
 #include <OpenCL_INCLUDE_DIR-NOTFOUND/CL/cl.h>
          ^~~~~~~~~~~~~~~~~~~~~~~~~~~~~~~~~~~~~
compilation terminated.
CMakeFiles/cmTC_49c2e.dir/build.make:65: recipe for target 'CMakeFiles/cmTC_49c2e.dir/CheckSymbolExists.c.o' failed
make[1]: *** [CMakeFiles/cmTC_49c2e.dir/CheckSymbolExists.c.o] Error 1
make[1]: Leaving directory '/home/ajander/OpencvInstallation/build/CMakeFiles/CMakeTmp'
Makefile:126: recipe for target 'cmTC_49c2e/fast' failed
make: *** [cmTC_49c2e/fast] Error 2

File /home/ajander/OpencvInstallation/build/CMakeFiles/CMakeTmp/CheckSymbolExists.c:
/* */
#include <OpenCL_INCLUDE_DIR-NOTFOUND/CL/cl.h>

int main(int argc, char** argv)
{
  (void)argv;
#ifndef CL_VERSION_1_0
  return ((int*)(&CL_VERSION_1_0))[argc];
#else
  (void)argc;
  return 0;
#endif
}

